<?xml version="1.0" encoding="UTF-8"?>
<!-- Generated by org.testng.reporters.JUnitXMLReporter -->
<testsuite ignored="0" hostname="DESKTOP-LT9AUO0" failures="0" tests="5" name="Default test" time="37.322" errors="0" timestamp="2021-05-18T02:44:32 PDT">
  <testcase classname="seleniumtestpackage.testClass" name="validatehomepage" time="8.749"/>
  <testcase classname="seleniumtestpackage.testClass" name="validateStoreLocatorDisplayed" time="0.298"/>
  <testcase classname="seleniumtestpackage.testClass" name="validateaddtoCart" time="12.239"/>
  <testcase classname="seleniumtestpackage.testClass" name="validateguestlogin" time="0.315"/>
  <testcase classname="seleniumtestpackage.testClass" name="validatasecurechkout" time="5.547"/>
</testsuite> <!-- Default test -->
