<?xml version="1.0" encoding="UTF-8"?>
<!-- Generated by org.testng.reporters.JUnitXMLReporter -->
<testsuite ignored="0" hostname="DESKTOP-LT9AUO0" failures="2" tests="9" name="TestNG" time="31.211" errors="0" timestamp="2021-05-19T00:23:53 PDT">
  <testcase classname="seleniumtestpackage.testClass" name="validatehomepage" time="4.886"/>
  <testcase classname="seleniumtestpackage.testClass" name="validateStoreLocatorDisplayed" time="0.489"/>
  <testcase classname="seleniumtestpackage.testClass" name="validateaddtoCart" time="7.217"/>
  <testcase classname="seleniumtestpackage.testClass" name="validateguestlogin" time="0.364"/>
  <testcase classname="seleniumtestpackage.testClass" name="validatasecurechkout" time="4.347"/>
  <testcase classname="restTestpackage.restTest" name="validateHeaderType" time="3.832"/>
  <testcase classname="restTestpackage.restTest" name="validateStatusCode" time="0.583"/>
  <testcase classname="restTestpackage.restTest" name="validateTitle" time="1.968">
    <failure type="java.lang.AssertionError" message="expected [Conitor tergiversatio non totus crustulum barba demulceo ocer ea attonbitus timidus infit auditor nesciunt.] but found [Thymum admoneo causa sum demergo totidem varius derelinquo traho defluo tergeo.]">
      <![CDATA[java.lang.AssertionError: expected [Conitor tergiversatio non totus crustulum barba demulceo ocer ea attonbitus timidus infit auditor nesciunt.] but found [Thymum admoneo causa sum demergo totidem varius derelinquo traho defluo tergeo.]
at restTestpackage.restTest.validateTitle(restTest.java:79)
at java.base/java.util.ArrayList.forEach(ArrayList.java:1511)
... Removed 32 stack frames]]>
    </failure>
  </testcase> <!-- validateTitle -->
  <testcase classname="restTestpackage.restTest" name="validateUserId" time="0.612">
    <failure type="java.lang.AssertionError" message="expected [14] but found [17]">
      <![CDATA[java.lang.AssertionError: expected [14] but found [17]
at restTestpackage.restTest.validateUserId(restTest.java:56)
at java.base/java.util.ArrayList.forEach(ArrayList.java:1511)
... Removed 32 stack frames]]>
    </failure>
  </testcase> <!-- validateUserId -->
</testsuite> <!-- TestNG -->
